{"C:\\Users\\Admin\\mern-testing\\server\\tests\\unit\\math.js": {"path":"C:\\Users\\Admin\\mern-testing\\server\\tests\\unit\\math.js","statementMap":{"0":{"start":{"line":4,"column":2},"end":{"line":4,"column":15}},"1":{"start":{"line":7,"column":0},"end":{"line":7,"column":25}}},"fnMap":{"0":{"name":"add","decl":{"start":{"line":3,"column":9},"end":{"line":3,"column":12}},"loc":{"start":{"line":3,"column":19},"end":{"line":5,"column":1}},"line":3}},"branchMap":{},"s":{"0":1,"1":1},"f":{"0":1},"b":{},"_coverageSchema":"1a1c01bbd47fc00a2c39e90264f33305004495a9","hash":"6feea511d61b876408a8a1283ec1d5d5c8553bc6"}
}
